Determining if the strtod_l exist failed with the following output:
Change Dir: /home/suraj/Work/llnl/nvidia-data-movement-experiments/src/kineto/CMakeFiles/CMakeTmp

Run Build Command(s):/usr/bin/make cmTC_4a19f/fast && /usr/bin/make -f CMakeFiles/cmTC_4a19f.dir/build.make CMakeFiles/cmTC_4a19f.dir/build
make[1]: Entering directory '/home/suraj/Work/llnl/nvidia-data-movement-experiments/src/kineto/CMakeFiles/CMakeTmp'
Building C object CMakeFiles/cmTC_4a19f.dir/CheckSymbolExists.c.o
/usr/bin/cc    -o CMakeFiles/cmTC_4a19f.dir/CheckSymbolExists.c.o   -c /home/suraj/Work/llnl/nvidia-data-movement-experiments/src/kineto/CMakeFiles/CMakeTmp/CheckSymbolExists.c
/home/suraj/Work/llnl/nvidia-data-movement-experiments/src/kineto/CMakeFiles/CMakeTmp/CheckSymbolExists.c: In function ‘main’:
/home/suraj/Work/llnl/nvidia-data-movement-experiments/src/kineto/CMakeFiles/CMakeTmp/CheckSymbolExists.c:8:19: error: ‘strtod_l’ undeclared (first use in this function); did you mean ‘strtoull’?
    8 |   return ((int*)(&strtod_l))[argc];
      |                   ^~~~~~~~
      |                   strtoull
/home/suraj/Work/llnl/nvidia-data-movement-experiments/src/kineto/CMakeFiles/CMakeTmp/CheckSymbolExists.c:8:19: note: each undeclared identifier is reported only once for each function it appears in
make[1]: *** [CMakeFiles/cmTC_4a19f.dir/build.make:66: CMakeFiles/cmTC_4a19f.dir/CheckSymbolExists.c.o] Error 1
make[1]: Leaving directory '/home/suraj/Work/llnl/nvidia-data-movement-experiments/src/kineto/CMakeFiles/CMakeTmp'
make: *** [Makefile:121: cmTC_4a19f/fast] Error 2


File /home/suraj/Work/llnl/nvidia-data-movement-experiments/src/kineto/CMakeFiles/CMakeTmp/CheckSymbolExists.c:
/* */
#include <stdlib.h>

int main(int argc, char** argv)
{
  (void)argv;
#ifndef strtod_l
  return ((int*)(&strtod_l))[argc];
#else
  (void)argc;
  return 0;
#endif
}
