make all --print-data-base --no-builtin-variables --no-builtin-rules --question
make: *** No rule to make target 'all'.  Stop.

# GNU Make 4.2.1
# Built for x86_64-pc-linux-gnu
# Copyright (C) 1988-2016 Free Software Foundation, Inc.
# License GPLv3+: GNU GPL version 3 or later <http://gnu.org/licenses/gpl.html>
# This is free software: you are free to change and redistribute it.
# There is NO WARRANTY, to the extent permitted by law.

# Make data base, printed on Sun Jul 24 18:48:44 2022

# Variables

# 'override' directive
GNUMAKEFLAGS := 
# automatic
<D = $(patsubst %/,%,$(dir $<))
# automatic
?F = $(notdir $?)
# environment
DESKTOP_SESSION = budgie-desktop
# default
.SHELLFLAGS := -c
# environment
XDG_SESSION_CLASS = user
# environment
SNAP_COMMON = /var/snap/code/common
# environment
XDG_SESSION_TYPE = x11
# environment
MODULEPATH = /home/suraj/Work/llnl/spack/share/spack/modules/linux-ubuntu20.04-skylake
# environment
NVM_INC = /home/suraj/.nvm/versions/node/v16.13.2/include/node
# automatic
?D = $(patsubst %/,%,$(dir $?))
# automatic
@D = $(patsubst %/,%,$(dir $@))
# environment
XAUTHORITY = /run/user/1000/gdm/Xauthority
# environment
GDMSESSION = budgie-desktop
# environment
XMODIFIERS = @im=ibus
# makefile
CURDIR := /home/suraj/Work/llnl/nvidia-data-movement-experiments
# makefile
SHELL = /bin/sh
# environment
SNAP_DATA = /var/snap/code/102
# environment
VSCODE_NLS_CONFIG = {"locale":"en-us","availableLanguages":{},"_languagePackSupport":true}
# environment
_ = /snap/code/102/usr/share/code/code
# environment
XDG_CONFIG_DIRS = /etc/xdg/xdg-budgie-desktop:/etc/xdg
# environment
SNAP_INSTANCE_NAME = code
# environment
SNAP_ARCH = amd64
# makefile
MAKEFILE_LIST := 
# automatic
@F = $(notdir $@)
# environment
GIO_LAUNCHED_DESKTOP_FILE = /var/lib/snapd/desktop/applications/code_code.desktop
# environment
USERNAME = suraj
# environment
MANDATORY_PATH = /usr/share/gconf/budgie-desktop.mandatory.path
# environment
XDG_DATA_DIRS = /usr/share/budgie-desktop:/usr/local/share/:/usr/share/:/var/lib/snapd/desktop
# environment
DBUS_SESSION_BUS_ADDRESS = unix:path=/run/user/1000/bus
# environment
ANDROID = /home/suraj/Softwares/android-studio/bin/studio.sh
# environment
VSCODE_CWD = /home/suraj
# environment
GSETTINGS_SCHEMA_DIR = /snap/code/102/usr/share/glib-2.0/schemas
# default
MAKE_HOST := x86_64-pc-linux-gnu
# environment
PATH = /home/suraj/.nvm/versions/node/v16.13.2/bin:/home/suraj/anaconda3/bin:/home/suraj/anaconda3/condabin:/home/suraj/.local/bin:/usr/local/sbin:/usr/local/bin:/usr/sbin:/usr/bin:/sbin:/bin:/usr/games:/usr/local/games:/snap/bin:/home/suraj/Work/llnl/spack/bin:/usr/local/cuda/bin:/home/suraj/Android/Sdk/emulator:/home/suraj/Android/Sdk/tools:/home/suraj/Android/Sdk/tools/bin:/home/suraj/Android/Sdk/platform-tools:/usr/local/go/bin
# environment
GPG_AGENT_INFO = /run/user/1000/gnupg/S.gpg-agent:0:1
# environment
LSCOLORS = Gxfxcxdxbxegedabagacad
# environment
SESSION_MANAGER = local/suraj:@/tmp/.ICE-unix/3392,unix/suraj:/tmp/.ICE-unix/3392
# environment
XDG_RUNTIME_DIR = /run/user/1000
# environment
GDK_PIXBUF_MODULE_FILE = /home/suraj/snap/code/common/.cache/gdk-pixbuf-loaders.cache
# environment
SNAP = /snap/code/102
# environment
SPACK_PYTHON = /home/suraj/anaconda3/bin/python3
# environment
UBUNTU_MENUPROXY = 1
# environment
NVM_BIN = /home/suraj/.nvm/versions/node/v16.13.2/bin
# environment
SNAP_VERSION = 3b889b09
# environment
CONDA_PREFIX = /home/suraj/anaconda3
# environment
XDG_MENU_PREFIX = gnome-
# environment
DISABLE_WAYLAND = 1
# environment
ELECTRON_RUN_AS_NODE = 1
# environment
GDK_PIXBUF_MODULEDIR = /snap/code/102/usr/lib/x86_64-linux-gnu/gdk-pixbuf-2.0/2.10.0/loaders
# default
.FEATURES := target-specific order-only second-expansion else-if shortest-stem undefine oneshell archives jobserver output-sync check-symlink load
# environment
ELECTRON_NO_ATTACH_CONSOLE = 1
# environment
LS_COLORS = 
# environment
XDG_SESSION_DESKTOP = budgie-desktop
# environment
SSH_AUTH_SOCK = /run/user/1000/keyring/ssh
# environment
GIO_LAUNCHED_DESKTOP_FILE_PID = 5201
# automatic
%F = $(notdir $%)
# environment
DISPLAY = :1
# environment
CONDA_EXE = /home/suraj/anaconda3/bin/conda
# environment
SNAP_INSTANCE_KEY = 
# environment
PWD = /home/suraj/Work/llnl/nvidia-data-movement-experiments
# environment
QT_QPA_PLATFORMTHEME = qt5ct
# environment
SPACK_ROOT = /home/suraj/Work/llnl/spack
# default
.LOADED := 
# environment
SSH_AGENT_PID = 3461
# environment
ORIGINAL_XDG_CURRENT_DESKTOP = Budgie:GNOME
# environment
GTK_MODULES = gail:atk-bridge:appmenu-gtk-module
# environment
VSCODE_AMD_ENTRYPOINT = vs/workbench/api/node/extensionHostProcess
# environment
HOME = /home/suraj
# environment
LD_LIBRARY_PATH = /usr/local/cuda/lib
# environment
VSCODE_CLI = 1
# environment
VSCODE_CODE_CACHE_PATH = /home/suraj/.config/Code/CachedData/3b889b090b5ad5793f524b5d1d39fda662b96a2a
# environment
LOGNAME = suraj
# environment
APPLICATION_INSIGHTS_NO_DIAGNOSTIC_CHANNEL = true
# environment
SNAP_LIBRARY_PATH = /var/lib/snapd/lib/gl:/var/lib/snapd/lib/gl32:/var/lib/snapd/void
# environment
SNAP_CONTEXT = mSSJsGj3G13bvyVNMt1bf8DHyDggMKY4JdQbvQbb0htb
# environment
CONDA_PROMPT_MODIFIER = (base) 
# environment
NVM_CD_FLAGS = -q
# environment
ZSH = /home/suraj/.oh-my-zsh
# environment
SNAP_USER_COMMON = /home/suraj/snap/code/common
# environment
VSCODE_HANDLES_UNCAUGHT_ERRORS = true
# environment
GNOME_DESKTOP_SESSION_ID = this-is-deprecated
# automatic
^D = $(patsubst %/,%,$(dir $^))
# environment
MAKELEVEL := 0
# environment
SNAP_REAL_HOME = /home/suraj
# environment
CONDA_DEFAULT_ENV = base
# default
MAKE = $(MAKE_COMMAND)
# default
MAKECMDGOALS := all
# environment
QT_IM_MODULE = ibus
# environment
SNAP_USER_DATA = /home/suraj/snap/code/102
# environment
SHLVL = 0
# default
MAKE_VERSION := 4.2.1
# environment
USER = suraj
# environment
SNAP_REVISION = 102
# makefile
.DEFAULT_GOAL := 
# environment
XDG_CURRENT_DESKTOP = Budgie:GNOME
# environment
LESS = -R
# automatic
%D = $(patsubst %/,%,$(dir $%))
# environment
CONDA_SHLVL = 1
# default
MAKE_COMMAND := make
# environment
OLDPWD = /home/suraj
# default
.VARIABLES := 
# automatic
*F = $(notdir $*)
# environment
VSCODE_IPC_HOOK = /run/user/1000/vscode-709db1d0-1.69.2-main.sock
# environment
BAMF_DESKTOP_FILE_HINT = /var/lib/snapd/desktop/applications/code_code.desktop
# environment
PYTHONPATH = /home/suraj/dev1/lib/python3.7/site-packages:
# makefile
MAKEFLAGS = pqrR
# environment
MFLAGS = -pqrR
# automatic
*D = $(patsubst %/,%,$(dir $*))
# environment
NVM_DIR = /home/suraj/.nvm
# automatic
+D = $(patsubst %/,%,$(dir $+))
# environment
GDK_BACKEND = x11
# automatic
+F = $(notdir $+)
# environment
QT_ACCESSIBILITY = 1
# environment
DEFAULTS_PATH = /usr/share/gconf/budgie-desktop.default.path
# default
MAKEFILES := 
# environment
SNAP_COOKIE = mSSJsGj3G13bvyVNMt1bf8DHyDggMKY4JdQbvQbb0htb
# automatic
<F = $(notdir $<)
# environment
SNAP_NAME = code
# environment
PAGER = less
# environment
LC_ALL = C
# environment
CONDA_PYTHON_EXE = /home/suraj/anaconda3/bin/python
# automatic
^F = $(notdir $^)
# default
SUFFIXES := 
# environment
SNAP_REEXEC = 
# environment
_CE_M = 
# environment
CHROME_DESKTOP = code-url-handler.desktop
# environment
WINDOWPATH = 2
# default
.INCLUDE_DIRS = /usr/include /usr/local/include /usr/include
# default
.RECIPEPREFIX := 
# environment
LANG = C
# environment
ANDROID_HOME = /home/suraj/Android/Sdk
# environment
VSCODE_PID = 5248
# environment
_CE_CONDA = 
# variable set hash-table stats:
# Load=134/1024=13%, Rehash=0, Collisions=17/156=11%

# Pattern-specific Variable Values

 
# No pattern-specific variable values.

# Directories

# . (device 2050, inode 11932676): 22 files, no impossibilities.

# 22 files, no impossibilities in 1 directories.

# Implicit Rules

# No implicit rules.

# Files

# Not a target:
all:
#  Command line target.
#  Implicit rule search has been done.
#  File does not exist.
#  File has not been updated.

# Not a target:
Makefile:
#  Implicit rule search has been done.
#  File does not exist.
#  File has been updated.
#  Failed to be updated.

# Not a target:
makefile:
#  Implicit rule search has been done.
#  File does not exist.
#  File has been updated.
#  Failed to be updated.

# Not a target:
.DEFAULT:
#  Implicit rule search has not been done.
#  Modification time never checked.
#  File has not been updated.

# Not a target:
GNUmakefile:
#  Implicit rule search has been done.
#  File does not exist.
#  File has been updated.
#  Failed to be updated.

# files hash-table stats:
# Load=6/1024=1%, Rehash=0, Collisions=0/15=0%
# VPATH Search Paths

# No 'vpath' search paths.

# No general ('VPATH' variable) search path.

# strcache buffers: 1 (0) / strings = 30 / storage = 335 B / avg = 11 B
# current buf: size = 8162 B / used = 335 B / count = 30 / avg = 11 B

# strcache performance: lookups = 33 / hit rate = 9%
# hash-table stats:
# Load=30/8192=0%, Rehash=0, Collisions=1/33=3%
# Finished Make data base on Sun Jul 24 18:48:44 2022

 
